（第一个无效）
2345加速浏览器
2345看图王
2345首页卫士
2345网址导航
2345影视大全
2345智能浏览器
37wan大裁决
37wan武尊
798看
7-Zip
9158多人视频
91助手
9377烈焰
ACDSee
Addr
adress
Amazon Browser App
AutoCAD
Autodesk DWF Viewer
BaiduPlayer
Bing Bar
CCleaner
CCTV Player Uninstall
CF百宝箱
CNTV Live2
CNTV-CBox客户端
CyberLink LabelPrint
CyberLink Power2Go
CyberLink YouCam
Dreamtaskbar
Esurfing
FARO LS
Foxit Reader
Foxit Reader Pro
Free Launch Bar
freeime
Google 地球
GuoGuo
Hao123浏览器
Hao123桌面快捷方式
IE搜索助手
iSpeak
iTudou
jinri
JJ比赛
Join Me
KuaiwanWebsite
Manual
Microsoft Office 即点即用 2010
mmtv
Mozilla Firefox
MvBox
NBA2K
Notepad++
Picture Books
PIPI
Power2Go
PPLite
ppsAddr
PPS影音
PPS游戏
PPTV聚力网络电视
PPTV网络电视
PP助手
Puzzle
Q+桌面
Qing
QPlus
QQ对战平台
QQ飞车
QQ飞车动态下载版
QQ空间克隆器
QQ浏览器
QQ堂
QQ旋风
QQ炫舞2
QQ炫舞标准版
QQ音乐
QQ影音
QQ游戏
QT语音
QuickTime
QvodPlayer(快播)
RealPlayer
Scan
SOSO工具栏
sudoku
The KMPlayer
Thunder BHO Platform
timer
topnews
Uibia
UUSee 网络电视
WIFI共享精灵
Windows Live 上载工具
WinPcap
WinRAR
YY4
YY5
YY6
阿里旺旺2012正式版SP1
阿里旺旺2012正式版SP2
阿里旺旺2012正式版SP3
阿里旺旺2013Beta1
阿里旺旺2013Beta2
阿里旺旺卖家版
爱奇艺视频2.0
爱奇艺影音
傲游云浏览器
百度hao123快捷
百度壁纸
百度快捷
百度浏览器
百度浏览器hao123专版
百度视频·PC版
百度手机助手
百度手机助手迷你版
百度影音
百度影音浏览器
百度云管家
帮5淘
暴风看电影
暴风玩游戏
暴风影音5
波克城市
畅游乐园
穿越火线
稻草人
地下城与勇士
点心浏览器
逗游
多米音乐
多玩DNF盒子
多玩英雄联盟盒子
反恐精英Online
飞速土豆
飞信2013
风行
福橙娱乐2.0
福昕阅读器
格式工厂
光速烈焰
光影魔术手
哈哈宝库3.0
好压
好桌道高清壁纸
好桌道美化软件
红色警戒II共和国之辉
惠惠购物助手
火线魔盒
加速人生
简单百宝箱
金山词霸2012
金山打字通
金山毒霸2012
金山快盘
金山手机助手
金山手机助手苹果版
金山网盾
金山网游加速器
金山卫士
金山重装高手
酷狗音乐
酷狗游戏盒
酷屏
酷我K歌
酷我音乐
酷我音乐盒
酷我游戏
快吧游戏
快播
快车(FlashGet)
快快游戏
快玩
快压
快用苹果助手
快用资源管理器
宽带我世界
乐关联
乐乐游戏盒
联想成才学院
联想服务通
联想宽带应用平台
联想驱动与软件安装
联想拯救系统
聊伴
猎豹安全浏览器
六分娱乐
鲁大师
绿色浏览器
美女聊天
美图看看
美图拍拍
美图秀秀
梦三国
逆战
跑跑卡丁车
千彩手写识别系统
千千静听
驱动集成工具
驱动人生
热血传奇
人人桌面
人生日历
如意淘
瑞星软件部署系统
深度美化主题包
盛大微网游
世界之窗浏览器
刷机精灵
搜狗壁纸
搜狗高速浏览器
搜狗桌面助手
搜狐影音
随播高清影视
淘宝浏览器
淘宝助理5
淘同款购物助手
腾讯QQ2011
腾讯QQ2012
腾讯QQ2012(安全防护)
腾讯QQ2013
腾讯视频
腾讯手机管家
腾讯手机管家
腾讯手机助手
腾讯搜搜e点通
天地融
天天看高清影视
天翼宽带
天翼网盘
天正建筑TArch8
甜椒刷机助手
同步助手
同城游大厅
图袋
豌豆荚
万能五笔内置版
万能五笔外挂版
网络保护
网游加速小助手(通用版)
网游快车
网址哨兵
微博桌面2012
微软必应词典
微云
问剑
我爱小游戏
无极影音
西西软件盒
逍遥笔手写识别输入
小Q书桌
小新日历
新浪Live
轩辕传奇
迅雷5
迅雷7
迅雷VIP尊享版
迅雷大全
迅雷大全看视频
迅雷精简版
迅雷看看播放器
迅雷看看高清播放组件
迅雷网游加速器
迅雷游戏盒子
迅游
音乐FM
音速启动
英雄联盟
影视搜索
优酷客户端
游戏盒
游戏优化大师
有道词典
有道云笔记
御龙在天
云端桌面
折子购物
植物大战僵尸
植物大战僵尸2010年度版
智能ABC
中国电信10000管家
桌秀美化软件
作曲大师音乐软件简谱五线谱合一版
罪恶都市
最爱小说阅读器
钻石迷情
祖玛
足球经理
紫丫
桌q(2d桌球)角色版
抓抓掌中娱乐大厅
抓抓手机伴侣
周公解梦
中望cad
中华压缩【chinazip】
中华通网络电话
中国之声网络收音机
中国游戏中心新台球
中国游戏中心
中国移动手机桌面助理
中国象棋
中国五千年诗词文库
中国网通cncmax客户端
中国互动游戏中心
智能手机工作室
植物大战僵尸
正宗中国麻将
正宗广东麻将
征途
征服
掌中影音伴侣
长江七号网络电视
战地之王
粘粘世界
在线小说阅读器
月光宝盒
远航游戏中心
远航游戏
语酷娱乐交友
鱼鱼桌面
有福艺术家
有道桌面词典
有道音乐盒
有道词典
游戏茶苑
尤里的复仇
悠视视频
优你客
优酷
永恒之塔
影音转霸
影音之星
影音嗅探专家
影音先锋
影音风暴
影音传送带
影音播放王
影视屏王
影楼电子相册制作系统
影集相册制作系统
英语学习王 2009.0327 真人发音版
英语口语对话王 2009
英语口语对话王 2008
英语教师
英语单词全能记忆王
英语八哥
英雄连
英雄传说：空之轨迹3rd 简体中文版
印易得
音频转化大师
音频混音剪辑大师
音频编辑大师
音魔在线收音机
音乐石头
音乐报时系统
音乐吧
易特商店宝
易速比特网游加速器
易三国
易互游
易福娃
易笔易画
亿图图示专家
一听音乐盒
一起来音乐助手
一起打牌视频游戏
阳光个人助理 1.35
眼睛护士（eyefoo）
雅虎通
压缩加密安装宝
迅游网游加速器
迅游2008
迅游
迅邮邮件群发王
迅音听听
迅眼看书
迅雷
迅播gvod播放器
寻仙
雪狐桌面精灵
学英语-口语与单词
学英语-动画学音标
渲染巨匠
炫彩新视听(flowery media player)
虚拟相册制作系统
秀我音乐盒
星际争霸
星光高清视频下载软件
星辰变
新年迎春版
新联想100分学校
新联想100分帮助演示
新浪直播
新浪网络游戏大厅
新浪魔方
新浪点点通
新浪ut game
新浪uc talk
新浪uc
新浪show
新浪live
新华字典词典
新概念英语学习机
心理游戏与分析
卸载星空极速客户端
卸载香格里拉
卸载网通adsl拨号专用版
卸载联众程序
卸载连连块
卸载酷我音乐盒
卸载酷我k歌
卸载风水算命大师
卸载超级泡泡龙
卸载koowolyrics
效能桌面便笺
效能日记本
校内通
小熊梦工厂
小小图片下载器
小说下载阅读器
小朋友拼拼看
小魔
小喇叭播放器
小白软件管家
小霸王游戏机珍藏84合1
象棋巫师
相册精灵
现代汉语词典
先知起名大师
仙剑奇侠传
侠盗飞车
虾歌
希望online
西瓜播放器
五笔打字员
无人岛物语
我要地图桌面版
我家我设计
我的取色器
我爱大头
我爱背句子
我爱背单词
问道精灵刷钱经验外挂
问道
维棠flv视频下载软件
唯影视频下载器
为暴风转码
微盘
微博air
网站整站下载器
网易右键邮
网易音乐盒
网易闪印
网易闪电邮
网易软件管理器
网易泡泡
网易popo
网易popo
网易cc
网页迅雷2009
网络鹦鹉(中英文朗读软件)
网络魔方
网络媒体播放器
网络传送带
网络保护
网际速递通用版
网际快车
网际飞音
汪来留声机电唱机
万帝私密相册
玩转手机
完美者影音转码
完美卸载v2009 build 26.62
完美卸载v2009
完美卸载
完美解码
豌豆荚手机精灵
歪歪
拖把更名器
推箱子
吐司传请专家
吐司传情专家
图片批量处理器
投名状
统一软件
瞳孔聊天室
童梦online
同城游戏大厅
同城游大厅
跳舞吧多人视频空间
天音听听
天音解霸
天翼网盘
天翼视讯pc版
天天网络图片查看
天天看高清影视
天人视频 ppntv
天人视频
天空冒险岛宝典
天骄ii
天会桌面
腾讯信息助理
腾龙备份大师
淘宝助理
淘宝旺旺
糖果音乐
唐诗三百首
唐人街
台球
胎教音乐播放器
随乐空间
速游网络加速器
速游
速配歌词
搜迅
搜狐游戏大厅
搜狐电视机网页版
搜狐电视机
搜狐播放器
搜狗音乐盒
四川麻将online
硕思闪客精灵
硕鼠
水晶王
水晶连连看
水浒q传
数码相册大师
数码特效制作系统
数码大师
数据银行
手游快车
手机顽童圣诞特别版
手机酷狗
视频截图王
视频分割专家
视频编辑专家
视彩听虹
世界之窗
世纪前线测速
实用的flash播放器
实况足球
时间专家（king time）
盛大下载器
盛大富翁
圣安地列斯
生意通
生化危机
神泣
神鬼传奇
深圳市住房公积金管理中心客户端
深度美化主题包
射手影音播放器
射手播放器
上游棋牌
汕江打字通
闪电-视频合并王
珊瑚虫 2007
色彩风暴
三维之家
三国志
三国群英传2
赛猫购购
赛博qq
瑞星
日语五十音速成一日通
日语考试通
忍者神龟(teenage mutant ninja turtles)
人人桌面
人人游戏助手
人人网相册上传工具
热血传奇
确然影音
拳皇i
全能助手
趣聊
轻松水印
青娱乐
青苹果播放器
青苹果
青鹏华夏
亲朋棋牌
亲宝儿歌宝盒
抢滩登陆战
潜移默化学英语 5.57
千千网络电视
千千静听
千脑云电脑
起凡游戏平台
骑士飞行棋
奇热影视盒
奇迹世界
奇迹
七色花·少儿儿歌故事大师
扑克游戏 免费版本
屏幕录像专家
飘飘
炮炮火枪手
泡泡游戏
泡泡西音乐精灵
泡泡堂
跑跑卡丁车专用下载器
跑跑卡丁车漂移刷钱外挂
跑跑卡丁车
拍拍部落
拍客秀 picsuu
趴趴歌词秀
纽扣2010
牛牛桌面管理大师
你心中的明星
能飞英语视听学习机
魔域传说
魔影工厂
魔术情书
魔兽争霸
魔兽小助手
魔兽世界
魔录大师
魔乐手机管家
魔镜qq火拼双扣记牌器
魔镜qq斗地主记牌器
魔镜qq斗地主2打1看牌器
魔盒
魔方
魔法情书
魔法门之英雄无敌
魔法门
魔豆精灵
模拟人生
命令与征服
明星三缺一
明星3缺1 单机版
名商通sms
敏捷恢复
民星时代影像软件
面对面视频游戏世界
迷你迅雷
迷你快车(flashgetmini)-1.3版
迷你快车(flashgetmini)
迷你酷狗
迷你歌词(minilyrics)
迷你背单词
迷你cad图纸查看器
咪咪桌面时钟
咪咕音乐
梦幻桌面
梦幻西游ii屏保.scr
梦幻西游
梦幻媒体播放器
梦幻国度
梦幻播放器
梦畅电脑闹钟
美图秀秀
美图淘淘
美图拍拍
美图化妆秀
美图大师
媒体下载大师
冒险岛
毛毛游戏
猫猫音乐盒
麦圈
麦客疯
麦克风
绿鹰安全精灵 6.42
绿鹰安全精灵
绿鹰pc万能精灵
罗马帝国复兴
录音能手
鲁大师
龙之谷
龙骑士online
龙卷风网络收音机
流星网络电视
流星蝴蝶剑
聊聊语音视频聊天
聊聊语音交友
聊聊视频聊天
联众中国象棋
联众游戏大厅
联众新版象棋
联众新版保皇
联众象棋转播客户端
联众象棋
联众五子棋
联众威海保皇
联众跳棋
联众世界
联众升级
联众三打一
联众魔域
联众麻将
联众军旗
联众够级
联众拱猪
联众疯狂升级
联众疯狂斗地主
联众飞行棋
联众斗地主
联众保皇
连连看
俪影
历史记录管理器
李靖瑜个人主页__mp3录音机
乐鱼影音盒
乐透游戏
乐视网络电视
乐辞
懒骨头网络音乐播放器
蓝光影音mp3录音机
蓝光影音mp3分割器
赖子山庄视频游戏大厅
狂雷视频下载平台 1.2
狂雷视频下载平台
狂雷高清视频下载软件(raydown)
狂雷高清flv视频下载平台(raydown)
快玩
快拖
快速抠图
快速访问助手
快乐影音
快乐西游
快快游戏
快车
快播
快吧游戏
酷邮
酷压
酷我
酷热影音
酷盘
酷米动画台
酷酷dj音乐播放器
酷果相册
酷狗
酷点
酷播影视
酷吧音乐盒
恐龙快打(cadillacs and dinosaurs)
刻录专家
可牛影像
可牛看图
可乐视频社区
稞麦综合视频下载(xmlbar)(仅移除)
抗日-血战上海滩
看图大眼睛
开心五子棋
开达音乐盒
卡拉蜂唱录软件
卡拉蜂
卡卡上网安全助手
卡卡安全助手
咔咔看图精灵
咔咔电子相册
咔咕
决战iii
菊子曰
九品网络电视
九品视频
静雅思听
精灵画笔之大天使
惊天动地
京龙科技-grand theft auto: vice city
劲舞团
劲乐团
锦游五子棋
金山游侠
金山影霸
金山卫士
金山网游加速器
金山软件管家
金山密保 公测版
金山快译
金山快盘
金山快快游戏世界
金山快快打字通
金山画王
金山打字游戏 2008
金山打字通
金山词霸
金山t盘
金蝶智慧记2010
结婚助理
街头篮球
角斗士英语奇迹阅读
角斗士超级复读王
江南影音盒
剑侠情缘
简单百宝箱
家家乐电子相册制作系统
佳影mtv电子相册制作软件
极速酷6
极速tm2008版
极品桌面
极品图标
极品飞车
激流神探
机战
火星加速器
火线魔盒
火速桌面搜索
混录天王
回车桌面大师
幻影
幻想游戏
幻想影音
欢乐麻将
华夏Ⅱ
花生壳动态域名
花儿世界
宏乐录音棚
红心游戏世界
红色警戒
红蜻蜓抓图精灵
红苹果
嗨嗨dj舞曲播放器
黑鹰坠落
贺卡专家
合金弹头合集
浩瀚阅读器
浩方魔域
浩方对战平台
浩方电竞平台
好易网视
好压
豪杰网话 v2.0
豪杰视频通
豪杰大眼睛
豪杰超级解霸
豪杰超级dvd
航海大富翁
汉语大辞典 普及版
汉魅
海啸网络电视
海啸媒体
海啸录音机
海图图片管理系统
海天英雄传之九鼎
海南综合网播放器
海词典典
国家的崛起
光之国度
光影魔术手
光线飞车
光盘刻录大师
呱呱视频社区
呱呱k歌伴侣
谷歌音乐盒
谷歌金山词霸
谷歌工具栏
够快
狗窝游戏盒
格式工厂
高音质dj音乐盒
高效e人
富甲西游
福昕阅读器
凤舞天骄
疯狂赛车
疯狂瓶盖
疯狂麻将
疯狂斗地主
风云-雄霸天下
风鸟
风雷影音搜索
风雷影音
风火之旅客户端
风行
愤怒的小鸟中文版
沸点网络电视
沸点视频
飞信
飞速土豆
飞狐yingyin
飞鸽传书
反恐精英
法语助手
儿童绘画软件
多米音乐
多多视频游戏大厅
多多魔法师
读读宝
嘟嘟pdf阅读器
逗游-轻松玩游戏
斗地主
斗 地 主
动态壁纸王
动画兵工厂
定时关机3000
鼎点梦幻播放器
叮铛大富翁
电子小说阅览器 second edition
电子小说阅读器 second edition
帝王qq斗地主刷分器
帝国时代之罗马复兴
帝国时代
地球帝国
道路测设大师
导思(mindvisualizer)标准版
刀剑online
单词风暴
带 service pack 2 的 windows rig
大鱼吃小鱼
大头贴制作系统
大头贴制作大师
大明龙权
大话西游
大航海时代
大富翁
词霸2011
春秋q传
创世西游
传奇世界
成功助理
成功gtd时间管理
超星阅览器
超星阅读器
超级转霸total video converter
超级转霸 total video converter
超级英汉词典
超级旋风1.9
超级旋风
超级舞者
超级兔子快乐影音
超级跑跑
超级马里奥
超级解霸
超级画笔
超级捕快 正式白金试用版本
超级捕快
超级播放器
畅游精灵
曹操
彩影
彩虹家族卫星直播
彩虹岛
彩虹2009 beta
彩虹2009
布鲁布鲁卡卡
不落魔域
波克城市
波波虎
冰盒
变速精灵 2.35 免费版
变色龙
边锋网络游戏世界大厅
壁纸美化助手
笔刷工厂
比特精灵
贝贝网络电视
爆豆影视
暴龙网络收音机
暴力摩托
暴风影音
暴风影霸
宝贝坦克
宝宝no1
半仙算命
半条命
斑马歌曲定时播放系统
百度影音
百度下吧
百度浏览伴侣
百度电脑管家
百度hi
巴溜溜影视盒
八音盒
八戒桌面小工具
八戒桌面
八哥五笔打字员
傲游
傲盾网络加速器
暗黑破坏神
按键精灵
爱书阅读器
爱书下载阅读器
爱酷
爱博邮件群发专业版
爱博邮件群发系统专业版
爱博报刊杂志阅读器
阿里旺旺
阿里通网络电话
μtorrent
z武器
zzllk连连看
zubu reader
zortam mp3
zoom player (remove only)
zonealarm pro
zipghost
zipgenius
zinemaker
zcococomic viewer
yy
yw-tvision client
yw-tvision
yoyo live
your uninstaller!
yahoo! messenger
xyplorer
xvid 1.1 final uninstall
xshell
xp变脸王
xplorer?lite
xobni
xnview
xnview
xml notepad 2007
xmedia recode
xilisoft dvd creator
xfire (remove only)
wuala
wpanorama
world of warcraft desktop
world of warcraft
workrave
wordstudio
word reader
winutilties
winutilities
winsnap
winmpg videoconvert
winmount ppc
winmount
windvd
windows主题
windowspace
windows live
windjview
windirstat
winamp
winace
win32pad
web迅雷
webshot
websaver
webplayer
wavecn
washandgo
warcraft iii frozen throne
vv8
vuze
vuplayer
vopt
vodplayer
vod player
vnc free edition
vjocx
virtuawin unicode
virtualdub
virtual dj studio
viewgood webplayer 2007
viewer2
videospeedy
video player
vgo
veriface
vallen jpegger
vaio zone
vaio media
vagaa
uu翻译伴侣
uusee
uucall网络电话迷你版
uucall
userguide
usbkiller
upxshell
updatastar
unreal commander
ultravn
ultraiso软碟通
ultraiso premium
ultraedit-32
ultraedit
ultracompare
ultra defragmenter
ulead videostudio
ulead videostudio
ulead photo express
ulead gif animator 5 trial
ulead gif animator
ulead dvd 录录烧
ulead dvd diskrecorder
ulead cool 3d
ucwebchatroom
ucturbo
tweakxplorer
tweaknow powerpack
tvants
tv678
tux paint
turbozip
turboftp
turbo photo
tuotu
ttplayer
trillian
tribler
trends reader
treesize free
treader阅读器
trayapp
total recorder
total commander
tom对弈
tixati
tipard dvd ripper
theworld
the kmplayer
textpad
teavea
teamspeak
teaching player
sylpheed
sweet midi player
sursen reader
superram
super dvd creator 9.8 trial version
super dvd creator
sun xvm virtualbox
sun virtualbox
sublight
stormplayer
stitch art easy
sticky photo
startup delayer
startdefrag
stardict(remove onle)
ssreader
s-spline
spotify
splayer
spider
speedfan
speccy
soundmax
soundmax
soundbase
sound forge
sothink swf quicker
sothink swf decompiler
sosghost
sopcast
songbird
somud
solsuite 2011
solidworks
snes9x
snagit
smplayer
smoothdraw
smartftp
smartdraw
smartaudio
smart diary suite
slimcleaner
sliderdock
skype
sis vga utilities
sina web tv
sina uc
sina tv
sina show
signpics
sigmatel audio
sid meier’s civilization
shinemr
sharedview
shape collage
shadow defender
se-traymenu
see9 手机图铃大全
secura archiver
secunia psi
seatools for windows
season3.25
seamonkey
sddsupdate
screenpresso
screen2exe
scenicplayer
scantoweb
sc ver
savecan
save2pc light
safesign
safeinput
safari
roomplus
rongtv腾龙视频
rockmelt
rocketdock
rmvb-play
rivatuner v2.23
rivatuner
ribbonvu free
revo uninstaller
resident evil
regmon v7.04 汉化版
recuva
reasonable noclone 2010 free
reaper
realvnc
realproducer plus 11
realplayer
realone player
real 游戏大厅
raysource
rapidtyping
ramsmash
ramrush
ramdisk plus 9.0
ram idle professional
rainmeter
rainlendar2
q聊
qvod播放器
qvodplayer
quisksys regdefrag
quintessential player（qcd）
quicktime
quickset
quickchm
quick time
quick 3d cover
qq三国无忧挂机外挂
qq泡妞专家
qq空间音乐下载器
qq空间音乐克隆
qq空间克隆客户端
qq空间伴侣
qq斗地主刷分机器版
qq斗地主魔法助手
qq斗地主记牌器
qmsdk
qemu manager
qbittorrent
pu网络电视
psearcher
prtscr
progdvb
process
pp加速器
pp点点通
pptv网络电视
pptv剧场版
pps游戏
pps视频
pps视频
pps魔域皮肤
pps机战皮肤
ppstream
pps
ppmate 视频
ppmate
pplive
pplive
pplite
ppfilm
pp2006
pp2005
powerzip
powerword 2007
powerword 2006
powerquest partitionmagic
powerproducer
poweroff v3.0.1.2 汉化版
powerdvd
power4 gear
power notes
power mp3 cutter
potplayer
poster forge
poco图客软件
poco图客
poco安装程序
pocomaker
pocomail
pnotes
pmview
playerplus
plants vs. zombies goty
pixos shellpack v1.0.1.417
pipi
pinnotes
pim
pidgin
pictureplayer
picpick
picasa
physx fluidmark
photoshop
photoscape
photoline
photoinstrument
photofiltre studio
photofamily
photodown
photocap
photo slide show
photo jumble
photo dvd maker
pfsvod 5102
pes2008
pecompact
pdffactory
pdfcreator
pcthrust
pcmedik
pcheal
pcboost
panorado
paint.net
ozone3d.net furmark
overture
outlook express
orangecd
opera
opencanvas
openal
oovoo
normal tanks
nod32
no trace
nitro racers
nirsoft volumouse
nirsoft videocacheview
nexusfont
nexusfile
networx
netsetman
netscream
netpas网络加速
netpas acc
netlimiter
netitv
nero burning rom
nero
neffymansp
need for extreme 3d
nba2009
nba live 2006
nandub
myrecorder 音频录音机
myplayer
mypaint
mympc 系列 三月鸟diy版
mymp3
myie9
myie2 browser (remove only)
myie
mygame 宝宝玩游戏拼单词
mydefrag
mybase desktop
my mpc·暴风影音优化播放器
my mpc·暴风影音 (unicode)
my mpc 系列·暴风影音
mwsnap
mwie
mvbox 3.01
muvee autoproducer
multiping
mtv电子相册
mstts51
msnshell
msn shell
msn messenger
msn cartoon
msn
mptrim
mplayer
mplayer
mplayer
mpcgo
mpc diy 系列三月鸟diy版
mp3音频录音机
mp3tag
mp3gain
mp3 wav studio
mozilla thunderbird (3.0b1)
mozilla thunderbird
movica
mooo 录音专家
mooo audioeffecter
moo0 录音专家
miro
mirc
miranda im
miniwinmount
minivcap
minimule
miniie
mindjet mindmanager
microangelo
messenger plus!live
messenger plus! live
messenger plus
mele
megui
mediashow
mediainfo
mediacoder
mazaika
maxthon
markman beta
marine aquarium
magicx
mad medlley battle
mactype
loki
lojiklsweep
logfusion
lingoes
limewire
libreoffice
lenovo powerdvd
leechget
lava游戏盒
lavanet dna
lava-lava
launchy
lasso
labelprint
kuro音乐盒
kuree
kumool1.0
kumool
kugoo
kruptos
koomail 5.41 简体中文正式版
koomail
kooloader
kmplayer
kkplayer
kk
keyboardtest
kc网络电话
kc2009
kc2008 beta1 sp1
kawai连连看
k82006v2
jsee
jj比赛
jetphoto studio
jetaudio
jahshaka
jaback
izotope ozone
itudou
ispeak
ising99 player
isee图片专家
isee个人图片专家
iseesong
isee 个人图片专家
irfanview (remove only)
irfanview
iread 爱读书
iobit security
intervideo windvd 8
interactual player
inkscape
incredimail
imusic
imgburn
imageready
illustrator
ifree skype recorder
ie守护天使
ie伴侣
iehelper
iefxz(remove only)
idesktop
icq6
icq toolbar
icq
iconworkshop
iconpackager
iconlover
icofx
icelight一线光
hypersnap-dx
honeyview
honey view3
homeshare
hijackthis
helicopter wars
hd tach version
hd csp
harmonic pvr
happyshow
haozip
halite
half-life
haihaisoft universal player
guitar pro
gsplit
griffith
greenbrowser
greatnews
gotomeeting
gotoassist
gosurf
goodsyns
gom player
gom media player
goldwave
gmabooster
giantim
ghostscript
geeteedee
gamethrust
gamehike
gameboost
g3随e行
futuriximager
future pinball
funshion
funphotor
ftprush
freshview
freshui
freshdownload
freshdiagnose
freevinager
freevimager
freeundelete
freemind
freefixer
freecommander
free sound recorder
free rar extractor
free font renamer
free easy cd dvd burner
free dwg viewer
free download manager
free ape player
fraps(remove only)
fraps
foxit reader pro
foxit phantom
foxarc music desk
fotosketcher
fotomix
formatfactory
foobar2000
foobar
flexcompress
flash相册制作大师
flashget
flashfxp
flac2cd
fixclaner
fireworks
firegraphic xp
firegraphic
finalburner free
filetime
fileseek
filemon v7.04 汉化版
fields of thunder
ffdshow
fetion
fences
feeddemon
fcleaner
fbackup
fasttv网络电视
faststone image viewer
faststone
fastpictureviewer
falco auto image
fake voice
facemorpher lite
face-bon free trial
e音乐盒
e视通网络电视
e视通聚合网络影视
extractnow
extractio
express notes
exescope
eweiqi
evil player
everything
evernote
essentialpim
eset nod32
eread电子书阅读器
epc相框专家
eo video
energycut
en8848迷你背单词
emule
emet
eesina
editplus
edison
ebssaclient
easyzip
easyrecovery professional trial
easymule
easycapture
earthview
dwgsee plus
dvgate plus
dvdfab
dvd-cloner
dvd shrink
dvd flick 视频制作
dvd flick
dreammail
dream aquarium
drawing4kids
dr.eye
doshow
dohsow视频游戏
docpad
dj mix
dia (仅移除)
dexpot
desktopspace
deluge
d3dgear
cyberlink youcam
cyberlink power2go
cyberarticle
cuteftp
cterm
csved
cs1.6
cs1.5
crossftp(remove only)
creative mediasource
counter-strike
coreldraw
corel painter
coolpad suite
coollector
cool edit pro
cool edit
convertxtodvd
comzip
compare it!
comodo dragon
coloring book - shareware
collageit
cntvppl
cntv-cbox
cmbsafebase
cloud签名字符
clonedvd
clonecd
clipmate
clipboardfusion
cleartype tuning control panel a
cleanmem
classic ftp
cjc好玩背单词
cintanotes beta m7
chromeplus
cet4大学英语四级考试学习免费版
cd-runner
cd/dvds bit locker
cctvbox
ccproject
ccleaner
ccleaner
caystaldiskmark
caystaldiskinfo
cashflow?the e-game
canon utilities photostitch
camtasia studio
camfrog video chat
call of duty
cajviewer
burnaware free edition
burnaware free
bumptop
bt plus!
bsplayer
bs.player
bopup messenger
booktome
bonjour
bmp图片魔法师
blufftitler
bloodmasters
bleachbit
bitzipper
bittorrent
bitspirit
bitspirit
bitkinex
bitdefender total security
bitdefender free edition
bitdefender free
bitcomet flv
bitcomet
bios
billiard art
bigfix
biget 客户端
bejeweled
becky!ver
becky!
bearshare
batchppt
badak
babylon
ava_client_ver
av vcs
autodesk express viewer
autodesk dwf viewer
autocad
auto cad
audacity
astroburn lite
astra32
ashampoo winoptimizer
ashampoo photo optimizer
ashampoo burning studio
as ver
artweaver
arial sound recorder version
arial sound recorder
areca
arcconvert
aphoto图像处理软件
ape2cd
ape ripper
apabi maker
a-one video joiner
anti-trojan elite
amd cpuinfo
alzip
aloaha timestamper
alien arena
alcohol
air微博
airzip
air force missions
agogo dvd copy
adobe premiere pro
adobe photoshop
adobe extension manager
adobe director
adobe creative sutie
adobe audition
adobe acrobat
ad sound recorder
activesync
ac3filter
absolute sound recorder
abplayer爱播
abplayer
abiword
abc (remove only)
aaa logo
a4desk
91坛子
91see
91reader
91english
9158虚拟视频(ktv版)
9158多人视频空间
9158多人视频
9158im
8uftp
72xuan4d家居网络互动平台
56ican
51游戏
51挂挂
51高清娱乐软件
4patas
4399游戏盒
3d看
3dsmax
3dp pack
3dmark06
3dmark05
3dmark03
3dmark vantage
3d pictrue browser
3d image commander
1st choice zip
1by1
17打牌
1616智能网盘
131玩玩
115优蛋
μtorrent
《问道》完整客户端
《闪电-视频合并王》
“易玩通”娱乐平台
@bios